<?xml version="1.0" encoding="UTF-8"?>
<!-- Generated by org.testng.reporters.JUnitXMLReporter -->
<testsuite hostname="LTB0216240-MAC.local" ignored="0" name="Default test" tests="4" failures="0" timestamp="2021-07-30T10:55:32 IST" time="6.605" errors="0">
  <testcase name="createEvent" time="1.074" classname="googleapi.CreateEvent"/>
  <testcase name="createEvent" time="1.05" classname="googleapi.CreateEvent"/>
  <testcase name="createEvent" time="1.042" classname="googleapi.CreateEvent"/>
  <testcase name="createEvent" time="1.239" classname="googleapi.CreateEvent"/>
</testsuite> <!-- Default test -->
