<?xml version="1.0" encoding="UTF-8"?>
<!-- Generated by org.testng.reporters.JUnitXMLReporter -->
<testsuite hostname="LTB0216240-MAC" ignored="0" name="Test" tests="4" failures="0" timestamp="2021-07-30T09:13:54 IST" time="9.623" errors="0">
  <testcase name="createEvent" time="1.801" classname="googleapi.CreateEvent"/>
  <testcase name="createEvent" time="1.629" classname="googleapi.CreateEvent"/>
  <testcase name="createEvent" time="1.791" classname="googleapi.CreateEvent"/>
  <testcase name="createEvent" time="1.657" classname="googleapi.CreateEvent"/>
</testsuite> <!-- Test -->
