<?xml version="1.0" encoding="UTF-8"?>
<!-- Generated by org.testng.reporters.JUnitXMLReporter -->
<testsuite hostname="LTB0216240-MAC.local" ignored="0" name="Test" tests="4" failures="0" timestamp="2021-07-30T10:59:42 IST" time="7.011" errors="0">
  <testcase name="createEvent" time="1.356" classname="googleapi.CreateEvent"/>
  <testcase name="createEvent" time="1.082" classname="googleapi.CreateEvent"/>
  <testcase name="createEvent" time="1.05" classname="googleapi.CreateEvent"/>
  <testcase name="createEvent" time="1.288" classname="googleapi.CreateEvent"/>
</testsuite> <!-- Test -->
