<?xml version="1.0" encoding="UTF-8"?>
<testsuite xmlns:xsi="http://www.w3.org/2001/XMLSchema-instance" xsi:noNamespaceSchemaLocation="https://maven.apache.org/surefire/maven-surefire-plugin/xsd/surefire-test-report.xsd" name="TestSuite" time="7.323" tests="4" errors="0" skipped="0" failures="0">
  <properties>
[...]
</properties>
  <testcase name="createEvent" classname="googleapi.CreateEvent" time="1.358"/>
  <testcase name="createEvent" classname="googleapi.CreateEvent" time="1.08"/>
  <testcase name="createEvent" classname="googleapi.CreateEvent" time="1.049"/>
  <testcase name="createEvent" classname="googleapi.CreateEvent" time="1.288"/>
</testsuite>